<?xml version="1.0" encoding="UTF-8"?>
<!-- Generated by org.testng.reporters.JUnitReportReporter -->
<testsuite hostname="Nilay" failures="0" tests="1" name="swag.Testcases.SubmitOrder" time="1.923" errors="0" timestamp="2024-07-31T00:31:13 BST" skipped="0">
  <testcase classname="swag.Testcases.SubmitOrder" name="submitOrder" time="1.923"/>
  <system-out/>
</testsuite> <!-- swag.Testcases.SubmitOrder -->
