<?xml version="1.0" encoding="UTF-8"?>
<!-- Generated by org.testng.reporters.JUnitReportReporter -->
<testsuite hostname="Nilay" failures="0" tests="1" name="swag.Testcases.LoginVerification" time="1.131" errors="0" timestamp="2024-07-31T00:31:13 BST" skipped="0">
  <testcase classname="swag.Testcases.LoginVerification" name="verifygoodluckpage" time="1.131"/>
  <system-out/>
</testsuite> <!-- swag.Testcases.LoginVerification -->
