<?xml version="1.0" encoding="UTF-8"?>
<!-- Generated by org.testng.reporters.JUnitReportReporter -->
<testsuite hostname="Nilay" failures="0" tests="1" name="swag.Testcases.SubmitOrder" time="1.491" errors="0" timestamp="2024-07-21T00:02:21 BST" skipped="0">
  <testcase classname="swag.Testcases.SubmitOrder" name="verifygoodluckpage" time="1.491"/>
  <system-out/>
</testsuite> <!-- swag.Testcases.SubmitOrder -->
