<?xml version="1.0" encoding="UTF-8"?>
<!-- Generated by org.testng.reporters.JUnitReportReporter -->
<testsuite hostname="Nilay" failures="0" tests="1" name="swag.Testcases.SubmitOrder" time="1.777" errors="0" timestamp="2024-08-10T23:49:56 BST" skipped="0">
  <testcase classname="swag.Testcases.SubmitOrder" name="submitOrder" time="1.777"/>
  <system-out/>
</testsuite> <!-- swag.Testcases.SubmitOrder -->
