<?xml version="1.0" encoding="UTF-8"?>
<!-- Generated by org.testng.reporters.JUnitReportReporter -->
<testsuite hostname="Nilay" failures="0" tests="1" name="swag.Testcases.LoginVerification" time="0.802" errors="0" timestamp="2024-08-28T00:02:48 BST" skipped="0">
  <testcase classname="swag.Testcases.LoginVerification" name="verifygoodluckpage" time="0.802"/>
  <system-out/>
</testsuite> <!-- swag.Testcases.LoginVerification -->
