<?xml version="1.0" encoding="UTF-8"?>
<!-- Generated by org.testng.reporters.JUnitReportReporter -->
<testsuite hostname="Nilay" failures="0" tests="1" name="swag.Testcases.SubmitOrder" time="1.559" errors="0" timestamp="2024-08-28T00:02:48 BST" skipped="0">
  <testcase classname="swag.Testcases.SubmitOrder" name="submitOrder" time="1.559"/>
  <system-out/>
</testsuite> <!-- swag.Testcases.SubmitOrder -->
